{
  "RSpec": {
    "coverage": {
      "/Users/ivan/dev_ruby/github/rubymisc/lib/rubymisc.rb": [
        null,
        null,
        1,
        1,
        null,
        1,
        1,
        null,
        1,
        1,
        null,
        1,
        1,
        null,
        1,
        1,
        null,
        null,
        1
      ],
      "/Users/ivan/dev_ruby/github/rubymisc/lib/rubymisc/ext/object.rb": [
        null,
        null,
        1,
        1,
        1,
        2,
        null,
        null,
        null
      ],
      "/Users/ivan/dev_ruby/github/rubymisc/lib/rubymisc/exceptional.rb": [
        null,
        null,
        1,
        1,
        1,
        2,
        2,
        1,
        1,
        1,
        1,
        null,
        null,
        null,
        null,
        null,
        null,
        null,
        1,
        2,
        4,
        2,
        2,
        null,
        null,
        2,
        null,
        null,
        null,
        null,
        null,
        null,
        null,
        1,
        1,
        1,
        0,
        0,
        null,
        null,
        null,
        null
      ],
      "/Users/ivan/dev_ruby/github/rubymisc/lib/rubymisc/ext/integer.rb": [
        null,
        null,
        1,
        1,
        1,
        4,
        null,
        null,
        null
      ],
      "/Users/ivan/dev_ruby/github/rubymisc/lib/rubymisc/ext/float.rb": [
        null,
        null,
        1,
        1,
        1,
        4,
        null,
        null,
        null
      ],
      "/Users/ivan/dev_ruby/github/rubymisc/lib/rubymisc/version.rb": [
        null,
        null,
        1,
        1,
        null
      ],
      "/Users/ivan/dev_ruby/github/rubymisc/spec/rubymisc/exceptional_spec.rb": [
        null,
        null,
        1,
        null,
        1,
        1,
        1,
        3,
        null,
        null,
        1,
        3,
        null,
        null,
        null,
        1,
        1,
        1,
        1,
        1,
        null,
        null,
        null,
        null,
        null,
        1,
        1,
        1,
        1,
        null,
        null,
        null,
        null,
        null,
        null
      ],
      "/Users/ivan/dev_ruby/github/rubymisc/spec/rubymisc/ext/float_spec.rb": [
        null,
        null,
        1,
        null,
        1,
        1,
        1,
        1,
        1,
        null,
        null,
        1,
        1,
        1,
        null,
        null,
        null
      ],
      "/Users/ivan/dev_ruby/github/rubymisc/spec/rubymisc/ext/integer_spec.rb": [
        null,
        null,
        1,
        null,
        1,
        1,
        1,
        1,
        1,
        null,
        null,
        1,
        1,
        1,
        null,
        null,
        null
      ],
      "/Users/ivan/dev_ruby/github/rubymisc/spec/rubymisc/ext/object_spec.rb": [
        null,
        null,
        1,
        null,
        1,
        1,
        3,
        null,
        1,
        1,
        1,
        null,
        null,
        null,
        1,
        1,
        1,
        null,
        null,
        null,
        null
      ],
      "/Users/ivan/dev_ruby/github/rubymisc/spec/rubymisc/regex_spec.rb": [
        null,
        null,
        1,
        null,
        1,
        1,
        1,
        1,
        1,
        null,
        null,
        null,
        1,
        1,
        1,
        1,
        1,
        1,
        1,
        1,
        1,
        1,
        null,
        null,
        null,
        1,
        1,
        1,
        1,
        null,
        1,
        null,
        null,
        null
      ],
      "/Users/ivan/dev_ruby/github/rubymisc/lib/rubymisc/regex.rb": [
        null,
        null,
        1,
        1,
        1,
        1,
        2,
        2,
        2,
        2,
        null,
        null,
        1,
        8,
        null,
        null,
        1,
        3,
        null,
        null,
        null,
        null
      ],
      "/Users/ivan/dev_ruby/github/rubymisc/spec/rubymisc/version_spec.rb": [
        null,
        null,
        1,
        null,
        1,
        2,
        null
      ]
    },
    "timestamp": 1320880883
  }
}
